update-alternatives 2014-08-01 20:15:07: run with --quiet --install /usr/bin/awk awk /usr/bin/mawk 5 --slave /usr/share/man/man1/awk.1.gz awk.1.gz /usr/share/man/man1/mawk.1.gz --slave /usr/bin/nawk nawk /usr/bin/mawk --slave /usr/share/man/man1/nawk.1.gz nawk.1.gz /usr/share/man/man1/mawk.1.gz
update-alternatives 2014-08-01 20:15:07: link group awk updated to point to /usr/bin/mawk
update-alternatives 2014-08-01 20:15:48: run with --quiet --install /usr/bin/awk awk /usr/bin/mawk 5 --slave /usr/share/man/man1/awk.1.gz awk.1.gz /usr/share/man/man1/mawk.1.gz --slave /usr/bin/nawk nawk /usr/bin/mawk --slave /usr/share/man/man1/nawk.1.gz nawk.1.gz /usr/share/man/man1/mawk.1.gz
update-alternatives 2014-08-01 20:15:52: run with --install /usr/sbin/rmt rmt /usr/sbin/rmt-tar 50 --slave /usr/share/man/man8/rmt.8.gz rmt.8.gz /usr/share/man/man8/rmt-tar.8.gz
update-alternatives 2014-08-01 20:15:52: link group rmt updated to point to /usr/sbin/rmt-tar
update-alternatives 2014-08-01 20:15:53: run with --install /usr/bin/lzma lzma /usr/bin/xz 20 --slave /usr/share/man/man1/lzma.1.gz lzma.1.gz /usr/share/man/man1/xz.1.gz --slave /usr/bin/unlzma unlzma /usr/bin/unxz --slave /usr/share/man/man1/unlzma.1.gz unlzma.1.gz /usr/share/man/man1/unxz.1.gz --slave /usr/bin/lzcat lzcat /usr/bin/xzcat --slave /usr/share/man/man1/lzcat.1.gz lzcat.1.gz /usr/share/man/man1/xzcat.1.gz --slave /usr/bin/lzmore lzmore /usr/bin/xzmore --slave /usr/share/man/man1/lzmore.1.gz lzmore.1.gz /usr/share/man/man1/xzmore.1.gz --slave /usr/bin/lzless lzless /usr/bin/xzless --slave /usr/share/man/man1/lzless.1.gz lzless.1.gz /usr/share/man/man1/xzless.1.gz --slave /usr/bin/lzdiff lzdiff /usr/bin/xzdiff --slave /usr/share/man/man1/lzdiff.1.gz lzdiff.1.gz /usr/share/man/man1/xzdiff.1.gz --slave /usr/bin/lzcmp lzcmp /usr/bin/xzcmp --slave /usr/share/man/man1/lzcmp.1.gz lzcmp.1.gz /usr/share/man/man1/xzcmp.1.gz --slave /usr/bin/lzgrep lzgrep /usr/bin/xzgrep --slave /usr/share/man/man1/lzgrep.1.gz lzgrep.1.gz /usr/share/man/man1/xzgrep.1.gz --slave /usr/bin/lzegrep lzegrep /usr/bin/xzegrep --slave /usr/share/man/man1/lzegrep.1.gz lzegrep.1.gz /usr/share/man/man1/xzegrep.1.gz --slave /usr/bin/lzfgrep lzfgrep /usr/bin/xzfgrep --slave /usr/share/man/man1/lzfgrep.1.gz lzfgrep.1.gz /usr/share/man/man1/xzfgrep.1.gz
update-alternatives 2014-08-01 20:15:53: link group lzma updated to point to /usr/bin/xz
update-alternatives 2014-08-01 20:15:56: run with --install /usr/share/man/man7/builtins.7.gz builtins.7.gz /usr/share/man/man7/bash-builtins.7.gz 10
update-alternatives 2014-08-01 20:15:56: link group builtins.7.gz updated to point to /usr/share/man/man7/bash-builtins.7.gz
update-alternatives 2014-08-01 20:16:24: run with --install /usr/bin/pager pager /bin/more 50 --slave /usr/share/man/man1/pager.1.gz pager.1.gz /usr/share/man/man1/more.1.gz
update-alternatives 2014-08-01 20:16:24: link group pager updated to point to /bin/more
update-alternatives 2014-08-01 20:16:24: run with --install /usr/bin/pager pager /usr/bin/pg 10 --slave /usr/share/man/man1/pager.1.gz pager.1.gz /usr/share/man/man1/pg.1.gz
update-alternatives 2014-08-01 20:17:02: run with --install /usr/bin/traceroute traceroute /usr/bin/traceroute.db 100 --slave /usr/sbin/traceroute traceroute.sbin /usr/bin/traceroute.db --slave /usr/share/man/man1/traceroute.1.gz traceroute.1.gz /usr/share/man/man1/traceroute.db.1.gz
update-alternatives 2014-08-01 20:17:02: link group traceroute updated to point to /usr/bin/traceroute.db
update-alternatives 2014-08-01 20:17:02: run with --install /usr/bin/traceroute6 traceroute6 /usr/bin/traceroute6.db 100 --slave /usr/share/man/man1/traceroute6.1.gz traceroute6.1.gz /usr/share/man/man1/traceroute6.db.1.gz
update-alternatives 2014-08-01 20:17:02: link group traceroute6 updated to point to /usr/bin/traceroute6.db
update-alternatives 2014-08-01 20:17:02: run with --install /usr/bin/lft lft /usr/bin/lft.db 100 --slave /usr/share/man/man1/lft.1.gz lft.1.gz /usr/share/man/man1/lft.db.1.gz
update-alternatives 2014-08-01 20:17:02: link group lft updated to point to /usr/bin/lft.db
update-alternatives 2014-08-01 20:17:02: run with --install /usr/bin/traceproto traceproto /usr/bin/traceproto.db 100 --slave /usr/share/man/man1/traceproto.1.gz traceproto.1.gz /usr/share/man/man1/traceproto.db.1.gz
update-alternatives 2014-08-01 20:17:02: link group traceproto updated to point to /usr/bin/traceproto.db
update-alternatives 2014-08-01 20:17:02: run with --install /usr/sbin/tcptraceroute tcptraceroute /usr/sbin/tcptraceroute.db 100 --slave /usr/share/man/man8/tcptraceroute.8.gz tcptraceroute.8.gz /usr/share/man/man8/tcptraceroute.db.8.gz
update-alternatives 2014-08-01 20:17:02: link group tcptraceroute updated to point to /usr/sbin/tcptraceroute.db
update-alternatives 2014-08-01 20:17:03: run with --install /usr/bin/write write /usr/bin/bsd-write 100 --slave /usr/share/man/man1/write.1.gz write.1.gz /usr/share/man/man1/bsd-write.1.gz
update-alternatives 2014-08-01 20:17:03: link group write updated to point to /usr/bin/bsd-write
update-alternatives 2014-08-01 20:17:03: run with --install /usr/bin/from from /usr/bin/bsd-from 10 --slave /usr/share/man/man1/from.1.gz from.1.gz /usr/share/man/man1/bsd-from.1.gz
update-alternatives 2014-08-01 20:17:03: link group from updated to point to /usr/bin/bsd-from
update-alternatives 2014-08-01 20:17:03: run with --install /bin/nc nc /bin/nc.traditional 10 --slave /bin/netcat netcat /bin/nc.traditional --slave /usr/share/man/man1/nc.1.gz nc.1.gz /usr/share/man/man1/nc.traditional.1.gz --slave /usr/share/man/man1/netcat.1.gz netcat.1.gz /usr/share/man/man1/nc.traditional.1.gz
update-alternatives 2014-08-01 20:17:03: link group nc updated to point to /bin/nc.traditional
update-alternatives 2014-08-01 20:17:03: run with --install /usr/bin/infobrowser infobrowser /usr/bin/info 60 --slave /usr/share/man/man1/infobrowser.1.gz infobrowser.1.gz /usr/share/man/man1/info.1.gz
update-alternatives 2014-08-01 20:17:04: link group infobrowser updated to point to /usr/bin/info
update-alternatives 2014-08-01 20:17:06: run with --install /usr/bin/editor editor /bin/nano 40 --slave /usr/share/man/man1/editor.1.gz editor.1.gz /usr/share/man/man1/nano.1.gz
update-alternatives 2014-08-01 20:17:06: link group editor updated to point to /bin/nano
update-alternatives 2014-08-01 20:17:06: run with --install /usr/bin/pico pico /bin/nano 10 --slave /usr/share/man/man1/pico.1.gz pico.1.gz /usr/share/man/man1/nano.1.gz
update-alternatives 2014-08-01 20:17:06: link group pico updated to point to /bin/nano
update-alternatives 2014-08-01 20:17:07: run with --install /bin/mt mt /bin/mt-gnu 10 --slave /usr/share/man/man1/mt.1.gz mt.1.gz /usr/share/man/man1/mt-gnu.1.gz
update-alternatives 2014-08-01 20:17:07: link group mt updated to point to /bin/mt-gnu
update-alternatives 2014-08-01 20:17:09: run with --install /usr/bin/rview rview /usr/bin/vim.tiny 10
update-alternatives 2014-08-01 20:17:09: link group rview updated to point to /usr/bin/vim.tiny
update-alternatives 2014-08-01 20:17:09: run with --install /usr/bin/vi vi /usr/bin/vim.tiny 10 --slave /usr/share/man/fr/man1/vi.1.gz vi.fr.1.gz /usr/share/man/fr/man1/vim.1.gz --slave /usr/share/man/it/man1/vi.1.gz vi.it.1.gz /usr/share/man/it/man1/vim.1.gz --slave /usr/share/man/pl/man1/vi.1.gz vi.pl.1.gz /usr/share/man/pl/man1/vim.1.gz --slave /usr/share/man/ru/man1/vi.1.gz vi.ru.1.gz /usr/share/man/ru/man1/vim.1.gz --slave /usr/share/man/man1/vi.1.gz vi.1.gz /usr/share/man/man1/vim.1.gz
update-alternatives 2014-08-01 20:17:09: link group vi updated to point to /usr/bin/vim.tiny
update-alternatives 2014-08-01 20:17:09: run with --install /usr/bin/view view /usr/bin/vim.tiny 10 --slave /usr/share/man/fr/man1/view.1.gz view.fr.1.gz /usr/share/man/fr/man1/vim.1.gz --slave /usr/share/man/it/man1/view.1.gz view.it.1.gz /usr/share/man/it/man1/vim.1.gz --slave /usr/share/man/pl/man1/view.1.gz view.pl.1.gz /usr/share/man/pl/man1/vim.1.gz --slave /usr/share/man/ru/man1/view.1.gz view.ru.1.gz /usr/share/man/ru/man1/vim.1.gz --slave /usr/share/man/man1/view.1.gz view.1.gz /usr/share/man/man1/vim.1.gz
update-alternatives 2014-08-01 20:17:09: link group view updated to point to /usr/bin/vim.tiny
update-alternatives 2014-08-01 20:17:09: run with --install /usr/bin/ex ex /usr/bin/vim.tiny 10 --slave /usr/share/man/fr/man1/ex.1.gz ex.fr.1.gz /usr/share/man/fr/man1/vim.1.gz --slave /usr/share/man/it/man1/ex.1.gz ex.it.1.gz /usr/share/man/it/man1/vim.1.gz --slave /usr/share/man/pl/man1/ex.1.gz ex.pl.1.gz /usr/share/man/pl/man1/vim.1.gz --slave /usr/share/man/ru/man1/ex.1.gz ex.ru.1.gz /usr/share/man/ru/man1/vim.1.gz --slave /usr/share/man/man1/ex.1.gz ex.1.gz /usr/share/man/man1/vim.1.gz
update-alternatives 2014-08-01 20:17:09: link group ex updated to point to /usr/bin/vim.tiny
update-alternatives 2014-08-01 20:17:09: run with --install /usr/bin/editor editor /usr/bin/vim.tiny 10 --slave /usr/share/man/fr/man1/editor.1.gz editor.fr.1.gz /usr/share/man/fr/man1/vim.1.gz --slave /usr/share/man/it/man1/editor.1.gz editor.it.1.gz /usr/share/man/it/man1/vim.1.gz --slave /usr/share/man/pl/man1/editor.1.gz editor.pl.1.gz /usr/share/man/pl/man1/vim.1.gz --slave /usr/share/man/ru/man1/editor.1.gz editor.ru.1.gz /usr/share/man/ru/man1/vim.1.gz --slave /usr/share/man/man1/editor.1.gz editor.1.gz /usr/share/man/man1/vim.1.gz
update-alternatives 2014-08-01 20:17:10: run with --install /usr/bin/w w /usr/bin/w.procps 50 --slave /usr/share/man/man1/w.1.gz w.1.gz /usr/share/man/man1/w.procps.1.gz
update-alternatives 2014-08-01 20:17:10: link group w updated to point to /usr/bin/w.procps
update-alternatives 2014-08-01 20:18:05: run with --install /usr/bin/aptitude aptitude /usr/bin/aptitude-curses 30 --slave /usr/share/man/man8/aptitude.8.gz aptitude.8.gz /usr/share/man/man8/aptitude-curses.8.gz --slave /usr/share/man/cs/man8/aptitude.8.gz aptitude.cs.8.gz /usr/share/man/cs/man8/aptitude-curses.8.gz --slave /usr/share/man/de/man8/aptitude.8.gz aptitude.de.8.gz /usr/share/man/de/man8/aptitude-curses.8.gz --slave /usr/share/man/es/man8/aptitude.8.gz aptitude.es.8.gz /usr/share/man/es/man8/aptitude-curses.8.gz --slave /usr/share/man/fi/man8/aptitude.8.gz aptitude.fi.8.gz /usr/share/man/fi/man8/aptitude-curses.8.gz --slave /usr/share/man/fr/man8/aptitude.8.gz aptitude.fr.8.gz /usr/share/man/fr/man8/aptitude-curses.8.gz --slave /usr/share/man/gl/man8/aptitude.8.gz aptitude.gl.8.gz /usr/share/man/gl/man8/aptitude-curses.8.gz --slave /usr/share/man/it/man8/aptitude.8.gz aptitude.it.8.gz /usr/share/man/it/man8/aptitude-curses.8.gz --slave /usr/share/man/ja/man8/aptitude.8.gz aptitude.ja.8.gz /usr/share/man/ja/man8/aptitude-curses.8.gz --slave /usr/share/man/pl/man8/aptitude.8.gz aptitude.pl.8.gz /usr/share/man/pl/man8/aptitude-curses.8.gz
update-alternatives 2014-08-01 20:18:05: link group aptitude updated to point to /usr/bin/aptitude-curses
update-alternatives 2014-08-01 20:23:57: run with --install /usr/bin/view view /usr/bin/see 1 --slave /usr/share/man/man1/view.1.gz view.1.gz /usr/share/man/man1/see.1.gz
update-alternatives 2014-08-01 20:23:59: run with --quiet --install /usr/bin/rsh rsh /usr/bin/ssh 20 --slave /usr/share/man/man1/rsh.1.gz rsh.1.gz /usr/share/man/man1/ssh.1.gz
update-alternatives 2014-08-01 20:23:59: link group rsh updated to point to /usr/bin/ssh
update-alternatives 2014-08-01 20:24:00: run with --quiet --install /usr/bin/rlogin rlogin /usr/bin/slogin 20 --slave /usr/share/man/man1/rlogin.1.gz rlogin.1.gz /usr/share/man/man1/slogin.1.gz
update-alternatives 2014-08-01 20:24:00: link group rlogin updated to point to /usr/bin/slogin
update-alternatives 2014-08-01 20:24:00: run with --quiet --install /usr/bin/rcp rcp /usr/bin/scp 20 --slave /usr/share/man/man1/rcp.1.gz rcp.1.gz /usr/share/man/man1/scp.1.gz
update-alternatives 2014-08-01 20:24:00: link group rcp updated to point to /usr/bin/scp
update-alternatives 2014-08-01 20:24:56: run with --install /usr/bin/figlet figlet /usr/bin/figlet-figlet 30 --slave /usr/share/man/man6/figlet.6.gz figlet.6.gz /usr/share/man/man6/figlet-figlet.6.gz
update-alternatives 2014-08-01 20:24:56: link group figlet updated to point to /usr/bin/figlet-figlet
update-alternatives 2014-08-01 20:25:43: run with --install /usr/bin/figlet figlet /usr/bin/figlet-toilet 20
update-alternatives 2014-08-01 20:25:54: run with --install /usr/bin/rename rename /usr/bin/prename 60 --slave /usr/share/man/man1/rename.1.gz rename.1.gz /usr/share/man/man1/prename.1.gz
update-alternatives 2014-08-01 20:25:54: link group rename updated to point to /usr/bin/prename
update-alternatives 2014-08-16 09:40:11: run with --install /usr/lib/libblas.so.3 libblas.so.3 /usr/lib/libblas/libblas.so.3 10 --slave /usr/lib/libblas.so.3gf libblas.so.3gf /usr/lib/libblas/libblas.so.3
update-alternatives 2014-08-16 09:40:11: link group libblas.so.3 updated to point to /usr/lib/libblas/libblas.so.3
update-alternatives 2014-08-16 09:40:11: run with --install /usr/lib/liblapack.so.3 liblapack.so.3 /usr/lib/lapack/liblapack.so.3 10 --slave /usr/lib/liblapack.so.3gf liblapack.so.3gf /usr/lib/lapack/liblapack.so.3
update-alternatives 2014-08-16 09:40:11: link group liblapack.so.3 updated to point to /usr/lib/lapack/liblapack.so.3
update-alternatives 2010-01-01 01:25:05: run with --remove builtins.7.gz /usr/share/man/man7/bash-builtins.7.gz
update-alternatives 2010-01-01 01:25:05: link group builtins.7.gz fully removed
update-alternatives 2010-01-01 01:25:44: run with --install /usr/share/man/man7/builtins.7.gz builtins.7.gz /usr/share/man/man7/bash-builtins.7.gz 10
update-alternatives 2010-01-01 01:25:44: link group builtins.7.gz updated to point to /usr/share/man/man7/bash-builtins.7.gz
update-alternatives 2010-01-01 01:28:06: run with --install /usr/sbin/rmt rmt /usr/sbin/rmt-tar 50 --slave /usr/share/man/man8/rmt.8.gz rmt.8.gz /usr/share/man/man8/rmt-tar.8.gz
update-alternatives 2010-01-01 01:32:37: run with --remove traceroute /usr/bin/traceroute.db
update-alternatives 2010-01-01 01:32:37: link group traceroute fully removed
update-alternatives 2010-01-01 01:32:37: run with --remove traceroute6 /usr/bin/traceroute6.db
update-alternatives 2010-01-01 01:32:37: link group traceroute6 fully removed
update-alternatives 2010-01-01 01:32:37: run with --remove lft /usr/bin/lft.db
update-alternatives 2010-01-01 01:32:37: link group lft fully removed
update-alternatives 2010-01-01 01:32:37: run with --remove traceproto /usr/bin/traceproto.db
update-alternatives 2010-01-01 01:32:37: link group traceproto fully removed
update-alternatives 2010-01-01 01:32:37: run with --remove tcptraceroute /usr/sbin/tcptraceroute.db
update-alternatives 2010-01-01 01:32:37: link group tcptraceroute fully removed
update-alternatives 2010-01-01 01:34:25: run with --install /usr/bin/write write /usr/bin/bsd-write 100 --slave /usr/share/man/man1/write.1.gz write.1.gz /usr/share/man/man1/bsd-write.1.gz
update-alternatives 2010-01-01 01:34:25: run with --install /usr/bin/from from /usr/bin/bsd-from 10 --slave /usr/share/man/man1/from.1.gz from.1.gz /usr/share/man/man1/bsd-from.1.gz
update-alternatives 2010-01-01 01:35:27: run with --install /bin/mt mt /bin/mt-gnu 10 --slave /usr/share/man/man1/mt.1.gz mt.1.gz /usr/share/man/man1/mt-gnu.1.gz
update-alternatives 2010-01-01 01:35:27: run with --install /usr/bin/editor editor /bin/nano 40 --slave /usr/share/man/man1/editor.1.gz editor.1.gz /usr/share/man/man1/nano.1.gz
update-alternatives 2010-01-01 01:35:27: run with --install /usr/bin/pico pico /bin/nano 10 --slave /usr/share/man/man1/pico.1.gz pico.1.gz /usr/share/man/man1/nano.1.gz
update-alternatives 2010-01-01 01:35:28: run with --install /bin/nc nc /bin/nc.traditional 10 --slave /bin/netcat netcat /bin/nc.traditional --slave /usr/share/man/man1/nc.1.gz nc.1.gz /usr/share/man/man1/nc.traditional.1.gz --slave /usr/share/man/man1/netcat.1.gz netcat.1.gz /usr/share/man/man1/nc.traditional.1.gz
update-alternatives 2010-01-01 01:35:28: run with --install /usr/bin/traceroute traceroute /usr/bin/traceroute.db 100 --slave /usr/sbin/traceroute traceroute.sbin /usr/bin/traceroute.db --slave /usr/share/man/man1/traceroute.1.gz traceroute.1.gz /usr/share/man/man1/traceroute.db.1.gz
update-alternatives 2010-01-01 01:35:28: link group traceroute updated to point to /usr/bin/traceroute.db
update-alternatives 2010-01-01 01:35:28: run with --install /usr/bin/traceroute6 traceroute6 /usr/bin/traceroute6.db 100 --slave /usr/share/man/man1/traceroute6.1.gz traceroute6.1.gz /usr/share/man/man1/traceroute6.db.1.gz
update-alternatives 2010-01-01 01:35:28: link group traceroute6 updated to point to /usr/bin/traceroute6.db
update-alternatives 2010-01-01 01:35:28: run with --install /usr/bin/lft lft /usr/bin/lft.db 100 --slave /usr/share/man/man1/lft.1.gz lft.1.gz /usr/share/man/man1/lft.db.1.gz
update-alternatives 2010-01-01 01:35:28: link group lft updated to point to /usr/bin/lft.db
update-alternatives 2010-01-01 01:35:28: run with --install /usr/bin/traceproto traceproto /usr/bin/traceproto.db 100 --slave /usr/share/man/man1/traceproto.1.gz traceproto.1.gz /usr/share/man/man1/traceproto.db.1.gz
update-alternatives 2010-01-01 01:35:28: link group traceproto updated to point to /usr/bin/traceproto.db
update-alternatives 2010-01-01 01:35:28: run with --install /usr/sbin/tcptraceroute tcptraceroute /usr/sbin/tcptraceroute.db 100 --slave /usr/share/man/man8/tcptraceroute.8.gz tcptraceroute.8.gz /usr/share/man/man8/tcptraceroute.db.8.gz
update-alternatives 2010-01-01 01:35:28: link group tcptraceroute updated to point to /usr/sbin/tcptraceroute.db
update-alternatives 2010-01-01 01:35:29: run with --install /usr/bin/rview rview /usr/bin/vim.tiny 10
update-alternatives 2010-01-01 01:35:29: run with --install /usr/bin/vi vi /usr/bin/vim.tiny 10 --slave /usr/share/man/fr/man1/vi.1.gz vi.fr.1.gz /usr/share/man/fr/man1/vim.1.gz --slave /usr/share/man/it/man1/vi.1.gz vi.it.1.gz /usr/share/man/it/man1/vim.1.gz --slave /usr/share/man/pl/man1/vi.1.gz vi.pl.1.gz /usr/share/man/pl/man1/vim.1.gz --slave /usr/share/man/ru/man1/vi.1.gz vi.ru.1.gz /usr/share/man/ru/man1/vim.1.gz --slave /usr/share/man/ja/man1/vi.1.gz vi.ja.1.gz /usr/share/man/ja/man1/vim.1.gz --slave /usr/share/man/man1/vi.1.gz vi.1.gz /usr/share/man/man1/vim.1.gz
update-alternatives 2010-01-01 01:35:29: auto-repair link group vi
update-alternatives 2010-01-01 01:35:29: run with --install /usr/bin/view view /usr/bin/vim.tiny 10 --slave /usr/share/man/fr/man1/view.1.gz view.fr.1.gz /usr/share/man/fr/man1/vim.1.gz --slave /usr/share/man/it/man1/view.1.gz view.it.1.gz /usr/share/man/it/man1/vim.1.gz --slave /usr/share/man/pl/man1/view.1.gz view.pl.1.gz /usr/share/man/pl/man1/vim.1.gz --slave /usr/share/man/ru/man1/view.1.gz view.ru.1.gz /usr/share/man/ru/man1/vim.1.gz --slave /usr/share/man/ja/man1/view.1.gz view.ja.1.gz /usr/share/man/ja/man1/vim.1.gz --slave /usr/share/man/man1/view.1.gz view.1.gz /usr/share/man/man1/vim.1.gz
update-alternatives 2010-01-01 01:35:29: auto-repair link group view
update-alternatives 2010-01-01 01:35:29: run with --install /usr/bin/ex ex /usr/bin/vim.tiny 10 --slave /usr/share/man/fr/man1/ex.1.gz ex.fr.1.gz /usr/share/man/fr/man1/vim.1.gz --slave /usr/share/man/it/man1/ex.1.gz ex.it.1.gz /usr/share/man/it/man1/vim.1.gz --slave /usr/share/man/pl/man1/ex.1.gz ex.pl.1.gz /usr/share/man/pl/man1/vim.1.gz --slave /usr/share/man/ru/man1/ex.1.gz ex.ru.1.gz /usr/share/man/ru/man1/vim.1.gz --slave /usr/share/man/ja/man1/ex.1.gz ex.ja.1.gz /usr/share/man/ja/man1/vim.1.gz --slave /usr/share/man/man1/ex.1.gz ex.1.gz /usr/share/man/man1/vim.1.gz
update-alternatives 2010-01-01 01:35:29: auto-repair link group ex
update-alternatives 2010-01-01 01:35:29: run with --install /usr/bin/editor editor /usr/bin/vim.tiny 10 --slave /usr/share/man/fr/man1/editor.1.gz editor.fr.1.gz /usr/share/man/fr/man1/vim.1.gz --slave /usr/share/man/it/man1/editor.1.gz editor.it.1.gz /usr/share/man/it/man1/vim.1.gz --slave /usr/share/man/pl/man1/editor.1.gz editor.pl.1.gz /usr/share/man/pl/man1/vim.1.gz --slave /usr/share/man/ru/man1/editor.1.gz editor.ru.1.gz /usr/share/man/ru/man1/vim.1.gz --slave /usr/share/man/ja/man1/editor.1.gz editor.ja.1.gz /usr/share/man/ja/man1/vim.1.gz --slave /usr/share/man/man1/editor.1.gz editor.1.gz /usr/share/man/man1/vim.1.gz
update-alternatives 2010-01-01 01:35:30: run with --install /usr/bin/infobrowser infobrowser /usr/bin/info 60 --slave /usr/share/man/man1/infobrowser.1.gz infobrowser.1.gz /usr/share/man/man1/info.1.gz
update-alternatives 2010-01-01 01:35:30: run with --remove view /usr/bin/see
update-alternatives 2010-01-01 01:35:33: run with --install /usr/bin/lzma lzma /usr/bin/xz 20 --slave /usr/share/man/man1/lzma.1.gz lzma.1.gz /usr/share/man/man1/xz.1.gz --slave /usr/bin/unlzma unlzma /usr/bin/unxz --slave /usr/share/man/man1/unlzma.1.gz unlzma.1.gz /usr/share/man/man1/unxz.1.gz --slave /usr/bin/lzcat lzcat /usr/bin/xzcat --slave /usr/share/man/man1/lzcat.1.gz lzcat.1.gz /usr/share/man/man1/xzcat.1.gz --slave /usr/bin/lzmore lzmore /usr/bin/xzmore --slave /usr/share/man/man1/lzmore.1.gz lzmore.1.gz /usr/share/man/man1/xzmore.1.gz --slave /usr/bin/lzless lzless /usr/bin/xzless --slave /usr/share/man/man1/lzless.1.gz lzless.1.gz /usr/share/man/man1/xzless.1.gz --slave /usr/bin/lzdiff lzdiff /usr/bin/xzdiff --slave /usr/share/man/man1/lzdiff.1.gz lzdiff.1.gz /usr/share/man/man1/xzdiff.1.gz --slave /usr/bin/lzcmp lzcmp /usr/bin/xzcmp --slave /usr/share/man/man1/lzcmp.1.gz lzcmp.1.gz /usr/share/man/man1/xzcmp.1.gz --slave /usr/bin/lzgrep lzgrep /usr/bin/xzgrep --slave /usr/share/man/man1/lzgrep.1.gz lzgrep.1.gz /usr/share/man/man1/xzgrep.1.gz --slave /usr/bin/lzegrep lzegrep /usr/bin/xzegrep --slave /usr/share/man/man1/lzegrep.1.gz lzegrep.1.gz /usr/share/man/man1/xzegrep.1.gz --slave /usr/bin/lzfgrep lzfgrep /usr/bin/xzfgrep --slave /usr/share/man/man1/lzfgrep.1.gz lzfgrep.1.gz /usr/share/man/man1/xzfgrep.1.gz
update-alternatives 2010-01-01 01:35:53: run with --install /usr/lib/liblapack.so.3 liblapack.so.3 /usr/lib/lapack/liblapack.so.3 10 --slave /usr/lib/liblapack.so.3gf liblapack.so.3gf /usr/lib/lapack/liblapack.so.3
update-alternatives 2010-01-01 02:24:01: run with --install /usr/bin/x-session-manager x-session-manager /usr/bin/startxfce4 50 --slave /usr/share/man/man1/x-session-manager.1.gz x-session-manager.1.gz /usr/share/man/man1/startxfce4.1.gz
update-alternatives 2010-01-01 02:24:01: link group x-session-manager updated to point to /usr/bin/startxfce4
update-alternatives 2010-01-01 02:24:01: run with --install /usr/bin/x-session-manager x-session-manager /usr/bin/xfce4-session 40 --slave /usr/share/man/man1/x-session-manager.1.gz x-session-manager.1.gz /usr/share/man/man1/xfce4-session.1.gz
update-alternatives 2010-01-01 02:24:02: run with --quiet --install /lib/cpp cpp /usr/bin/cpp 10
update-alternatives 2010-01-01 02:24:02: link group cpp updated to point to /usr/bin/cpp
update-alternatives 2010-01-01 02:24:11: run with --install /usr/bin/x-window-manager x-window-manager /usr/bin/xfwm4 60 --slave /usr/share/man/man1/x-window-manager.1.gz x-window-manager.1.gz /usr/share/man/man1/xfwm4.1.gz
update-alternatives 2010-01-01 02:24:11: link group x-window-manager updated to point to /usr/bin/xfwm4
update-alternatives 2010-01-01 02:24:19: run with --install /usr/bin/x-terminal-emulator x-terminal-emulator /usr/bin/xterm 20 --slave /usr/share/man/man1/x-terminal-emulator.1.gz x-terminal-emulator.1.gz /usr/share/man/man1/xterm.1.gz
update-alternatives 2010-01-01 02:24:19: link group x-terminal-emulator updated to point to /usr/bin/xterm
update-alternatives 2010-01-01 02:24:19: run with --install /usr/bin/x-terminal-emulator x-terminal-emulator /usr/bin/uxterm 20 --slave /usr/share/man/man1/x-terminal-emulator.1.gz x-terminal-emulator.1.gz /usr/share/man/man1/uxterm.1.gz
update-alternatives 2010-01-01 02:24:19: run with --install /usr/bin/x-terminal-emulator x-terminal-emulator /usr/bin/koi8rxterm 20 --slave /usr/share/man/man1/x-terminal-emulator.1.gz x-terminal-emulator.1.gz /usr/share/man/man1/koi8rxterm.1.gz
update-alternatives 2010-01-01 02:24:19: link group x-terminal-emulator updated to point to /usr/bin/uxterm
update-alternatives 2010-01-01 02:24:19: run with --install /usr/bin/x-terminal-emulator x-terminal-emulator /usr/bin/lxterm 30 --slave /usr/share/man/man1/x-terminal-emulator.1.gz x-terminal-emulator.1.gz /usr/share/man/man1/lxterm.1.gz
update-alternatives 2010-01-01 02:24:19: link group x-terminal-emulator updated to point to /usr/bin/lxterm
update-alternatives 2015-11-15 03:43:31: run with --install /usr/bin/rename rename /usr/bin/prename 60 --slave /usr/share/man/man1/rename.1.gz rename.1.gz /usr/share/man/man1/prename.1.gz
update-alternatives 2015-11-22 03:10:45: run with --install /usr/bin/vim vim /usr/bin/vim.basic 30
update-alternatives 2015-11-22 03:10:45: link group vim updated to point to /usr/bin/vim.basic
update-alternatives 2015-11-22 03:10:45: run with --install /usr/bin/vimdiff vimdiff /usr/bin/vim.basic 30
update-alternatives 2015-11-22 03:10:45: link group vimdiff updated to point to /usr/bin/vim.basic
update-alternatives 2015-11-22 03:10:46: run with --install /usr/bin/rvim rvim /usr/bin/vim.basic 30
update-alternatives 2015-11-22 03:10:46: link group rvim updated to point to /usr/bin/vim.basic
update-alternatives 2015-11-22 03:10:46: run with --install /usr/bin/rview rview /usr/bin/vim.basic 30
update-alternatives 2015-11-22 03:10:46: link group rview updated to point to /usr/bin/vim.basic
update-alternatives 2015-11-22 03:10:46: run with --install /usr/bin/vi vi /usr/bin/vim.basic 30 --slave /usr/share/man/fr/man1/vi.1.gz vi.fr.1.gz /usr/share/man/fr/man1/vim.1.gz --slave /usr/share/man/it/man1/vi.1.gz vi.it.1.gz /usr/share/man/it/man1/vim.1.gz --slave /usr/share/man/pl/man1/vi.1.gz vi.pl.1.gz /usr/share/man/pl/man1/vim.1.gz --slave /usr/share/man/ru/man1/vi.1.gz vi.ru.1.gz /usr/share/man/ru/man1/vim.1.gz --slave /usr/share/man/ja/man1/vi.1.gz vi.ja.1.gz /usr/share/man/ja/man1/vim.1.gz --slave /usr/share/man/man1/vi.1.gz vi.1.gz /usr/share/man/man1/vim.1.gz
update-alternatives 2015-11-22 03:10:46: link group vi updated to point to /usr/bin/vim.basic
update-alternatives 2015-11-22 03:10:46: run with --install /usr/bin/view view /usr/bin/vim.basic 30 --slave /usr/share/man/fr/man1/view.1.gz view.fr.1.gz /usr/share/man/fr/man1/vim.1.gz --slave /usr/share/man/it/man1/view.1.gz view.it.1.gz /usr/share/man/it/man1/vim.1.gz --slave /usr/share/man/pl/man1/view.1.gz view.pl.1.gz /usr/share/man/pl/man1/vim.1.gz --slave /usr/share/man/ru/man1/view.1.gz view.ru.1.gz /usr/share/man/ru/man1/vim.1.gz --slave /usr/share/man/ja/man1/view.1.gz view.ja.1.gz /usr/share/man/ja/man1/vim.1.gz --slave /usr/share/man/man1/view.1.gz view.1.gz /usr/share/man/man1/vim.1.gz
update-alternatives 2015-11-22 03:10:46: link group view updated to point to /usr/bin/vim.basic
update-alternatives 2015-11-22 03:10:46: run with --install /usr/bin/ex ex /usr/bin/vim.basic 30 --slave /usr/share/man/fr/man1/ex.1.gz ex.fr.1.gz /usr/share/man/fr/man1/vim.1.gz --slave /usr/share/man/it/man1/ex.1.gz ex.it.1.gz /usr/share/man/it/man1/vim.1.gz --slave /usr/share/man/pl/man1/ex.1.gz ex.pl.1.gz /usr/share/man/pl/man1/vim.1.gz --slave /usr/share/man/ru/man1/ex.1.gz ex.ru.1.gz /usr/share/man/ru/man1/vim.1.gz --slave /usr/share/man/ja/man1/ex.1.gz ex.ja.1.gz /usr/share/man/ja/man1/vim.1.gz --slave /usr/share/man/man1/ex.1.gz ex.1.gz /usr/share/man/man1/vim.1.gz
update-alternatives 2015-11-22 03:10:46: link group ex updated to point to /usr/bin/vim.basic
update-alternatives 2015-11-22 03:10:46: run with --install /usr/bin/editor editor /usr/bin/vim.basic 30 --slave /usr/share/man/fr/man1/editor.1.gz editor.fr.1.gz /usr/share/man/fr/man1/vim.1.gz --slave /usr/share/man/it/man1/editor.1.gz editor.it.1.gz /usr/share/man/it/man1/vim.1.gz --slave /usr/share/man/pl/man1/editor.1.gz editor.pl.1.gz /usr/share/man/pl/man1/vim.1.gz --slave /usr/share/man/ru/man1/editor.1.gz editor.ru.1.gz /usr/share/man/ru/man1/vim.1.gz --slave /usr/share/man/ja/man1/editor.1.gz editor.ja.1.gz /usr/share/man/ja/man1/vim.1.gz --slave /usr/share/man/man1/editor.1.gz editor.1.gz /usr/share/man/man1/vim.1.gz
update-alternatives 2015-11-22 03:22:39: run with --install /usr/bin/pager pager /bin/more 50 --slave /usr/share/man/man1/pager.1.gz pager.1.gz /usr/share/man/man1/more.1.gz
update-alternatives 2015-11-22 03:22:39: run with --install /usr/bin/pager pager /usr/bin/pg 10 --slave /usr/share/man/man1/pager.1.gz pager.1.gz /usr/share/man/man1/pg.1.gz
update-alternatives 2015-11-22 03:36:46: run with --install /usr/bin/x-www-browser x-www-browser /usr/bin/iceweasel 70 --slave /usr/share/man/man1/x-www-browser.1.gz x-www-browser.1.gz /usr/share/man/man1/iceweasel.1.gz
update-alternatives 2015-11-22 03:36:46: link group x-www-browser updated to point to /usr/bin/iceweasel
update-alternatives 2015-11-22 03:36:46: run with --install /usr/bin/gnome-www-browser gnome-www-browser /usr/bin/iceweasel 70 --slave /usr/share/man/man1/gnome-www-browser.1.gz gnome-www-browser.1.gz /usr/share/man/man1/iceweasel.1.gz
update-alternatives 2015-11-22 03:36:46: link group gnome-www-browser updated to point to /usr/bin/iceweasel
update-alternatives 2015-11-22 04:40:03: run with --install /usr/share/icons/gnome/scalable/places/start-here.svg start-here.svg /usr/share/icons/gnome/scalable/places/debian-swirl.svg 30 --slave /usr/share/icons/gnome/16x16/places/start-here.png start-here-16.png /usr/share/icons/gnome/16x16/places/debian-swirl.png --slave /usr/share/icons/gnome/22x22/places/start-here.png start-here-22.png /usr/share/icons/gnome/22x22/places/debian-swirl.png --slave /usr/share/icons/gnome/24x24/places/start-here.png start-here-24.png /usr/share/icons/gnome/24x24/places/debian-swirl.png --slave /usr/share/icons/gnome/256x256/places/start-here.png start-here-256.png /usr/share/icons/gnome/256x256/places/debian-swirl.png --slave /usr/share/icons/gnome/32x32/places/start-here.png start-here-32.png /usr/share/icons/gnome/32x32/places/debian-swirl.png --slave /usr/share/icons/gnome/48x48/places/start-here.png start-here-48.png /usr/share/icons/gnome/48x48/places/debian-swirl.png
update-alternatives 2015-11-22 04:40:03: link group start-here.svg updated to point to /usr/share/icons/gnome/scalable/places/debian-swirl.svg
update-alternatives 2015-11-22 04:40:03: run with --install /usr/share/icons/gnome/scalable/places/start-here.svg start-here.svg /usr/share/icons/gnome/scalable/places/gnome-foot.svg 20 --slave /usr/share/icons/gnome/16x16/places/start-here.png start-here-16.png /usr/share/icons/gnome/16x16/places/gnome-foot.png --slave /usr/share/icons/gnome/22x22/places/start-here.png start-here-22.png /usr/share/icons/gnome/22x22/places/gnome-foot.png --slave /usr/share/icons/gnome/24x24/places/start-here.png start-here-24.png /usr/share/icons/gnome/24x24/places/gnome-foot.png --slave /usr/share/icons/gnome/256x256/places/start-here.png start-here-256.png /usr/share/icons/gnome/256x256/places/gnome-foot.png --slave /usr/share/icons/gnome/32x32/places/start-here.png start-here-32.png /usr/share/icons/gnome/32x32/places/gnome-foot.png --slave /usr/share/icons/gnome/48x48/places/start-here.png start-here-48.png /usr/share/icons/gnome/48x48/places/gnome-foot.png
update-alternatives 2015-11-22 07:28:18: run with --install /etc/X11/xinit/xinput.d/ja_JP xinput-ja_JP /etc/X11/xinit/xinput.d/scim 0
update-alternatives 2015-11-22 07:28:18: link group xinput-ja_JP updated to point to /etc/X11/xinit/xinput.d/scim
update-alternatives 2015-11-22 07:28:18: run with --install /etc/X11/xinit/xinput.d/ko_KR xinput-ko_KR /etc/X11/xinit/xinput.d/scim 0
update-alternatives 2015-11-22 07:28:18: link group xinput-ko_KR updated to point to /etc/X11/xinit/xinput.d/scim
update-alternatives 2015-11-22 07:28:18: run with --install /etc/X11/xinit/xinput.d/zh_CN xinput-zh_CN /etc/X11/xinit/xinput.d/scim 0
update-alternatives 2015-11-22 07:28:18: link group xinput-zh_CN updated to point to /etc/X11/xinit/xinput.d/scim
update-alternatives 2015-11-22 07:28:18: run with --install /etc/X11/xinit/xinput.d/zh_TW xinput-zh_TW /etc/X11/xinit/xinput.d/scim 0
update-alternatives 2015-11-22 07:28:18: link group xinput-zh_TW updated to point to /etc/X11/xinit/xinput.d/scim
update-alternatives 2015-11-22 07:28:18: run with --install /etc/X11/xinit/xinput.d/zh_HK xinput-zh_HK /etc/X11/xinit/xinput.d/scim 0
update-alternatives 2015-11-22 07:28:18: link group xinput-zh_HK updated to point to /etc/X11/xinit/xinput.d/scim
update-alternatives 2015-11-22 07:28:18: run with --install /etc/X11/xinit/xinput.d/zh_SG xinput-zh_SG /etc/X11/xinit/xinput.d/scim 0
update-alternatives 2015-11-22 07:28:18: link group xinput-zh_SG updated to point to /etc/X11/xinit/xinput.d/scim
update-alternatives 2015-11-22 07:28:18: run with --install /etc/X11/xinit/xinput.d/ja_JP xinput-ja_JP /etc/X11/xinit/xinput.d/scim-immodule 50
update-alternatives 2015-11-22 07:28:18: link group xinput-ja_JP updated to point to /etc/X11/xinit/xinput.d/scim-immodule
update-alternatives 2015-11-22 07:28:18: run with --install /etc/X11/xinit/xinput.d/ko_KR xinput-ko_KR /etc/X11/xinit/xinput.d/scim-immodule 50
update-alternatives 2015-11-22 07:28:18: link group xinput-ko_KR updated to point to /etc/X11/xinit/xinput.d/scim-immodule
update-alternatives 2015-11-22 07:28:18: run with --install /etc/X11/xinit/xinput.d/zh_CN xinput-zh_CN /etc/X11/xinit/xinput.d/scim-immodule 50
update-alternatives 2015-11-22 07:28:18: link group xinput-zh_CN updated to point to /etc/X11/xinit/xinput.d/scim-immodule
update-alternatives 2015-11-22 07:28:18: run with --install /etc/X11/xinit/xinput.d/zh_TW xinput-zh_TW /etc/X11/xinit/xinput.d/scim-immodule 50
update-alternatives 2015-11-22 07:28:18: link group xinput-zh_TW updated to point to /etc/X11/xinit/xinput.d/scim-immodule
update-alternatives 2015-11-22 07:28:18: run with --install /etc/X11/xinit/xinput.d/zh_HK xinput-zh_HK /etc/X11/xinit/xinput.d/scim-immodule 50
update-alternatives 2015-11-22 07:28:18: link group xinput-zh_HK updated to point to /etc/X11/xinit/xinput.d/scim-immodule
update-alternatives 2015-11-22 07:28:18: run with --install /etc/X11/xinit/xinput.d/zh_SG xinput-zh_SG /etc/X11/xinit/xinput.d/scim-immodule 50
update-alternatives 2015-11-22 07:28:18: link group xinput-zh_SG updated to point to /etc/X11/xinit/xinput.d/scim-immodule
update-alternatives 2015-11-22 08:59:53: run with --install /usr/bin/gnome-text-editor gnome-text-editor /usr/bin/gedit 50 --slave /usr/share/man/man1/gnome-text-editor.1.gz gnome-text-editor.1.gz /usr/share/man/man1/gedit.1.gz
update-alternatives 2015-11-22 08:59:53: link group gnome-text-editor updated to point to /usr/bin/gedit
update-alternatives 2015-11-22 09:53:02: run with --remove xinput-ja_JP /etc/X11/xinit/xinput.d/scim
update-alternatives 2015-11-22 09:53:02: run with --remove xinput-ko_KR /etc/X11/xinit/xinput.d/scim
update-alternatives 2015-11-22 09:53:02: run with --remove xinput-zh_CN /etc/X11/xinit/xinput.d/scim
update-alternatives 2015-11-22 09:53:02: run with --remove xinput-zh_TW /etc/X11/xinit/xinput.d/scim
update-alternatives 2015-11-22 09:53:02: run with --remove xinput-zh_HK /etc/X11/xinit/xinput.d/scim
update-alternatives 2015-11-22 09:53:02: run with --remove xinput-zh_SG /etc/X11/xinit/xinput.d/scim
update-alternatives 2015-11-22 09:53:02: run with --remove xinput-ja_JP /etc/X11/xinit/xinput.d/scim-immodule
update-alternatives 2015-11-22 09:53:02: link group xinput-ja_JP fully removed
update-alternatives 2015-11-22 09:53:02: run with --remove xinput-ko_KR /etc/X11/xinit/xinput.d/scim-immodule
update-alternatives 2015-11-22 09:53:02: link group xinput-ko_KR fully removed
update-alternatives 2015-11-22 09:53:02: run with --remove xinput-zh_CN /etc/X11/xinit/xinput.d/scim-immodule
update-alternatives 2015-11-22 09:53:02: link group xinput-zh_CN fully removed
update-alternatives 2015-11-22 09:53:02: run with --remove xinput-zh_TW /etc/X11/xinit/xinput.d/scim-immodule
update-alternatives 2015-11-22 09:53:02: link group xinput-zh_TW fully removed
update-alternatives 2015-11-22 09:53:02: run with --remove xinput-zh_HK /etc/X11/xinit/xinput.d/scim-immodule
update-alternatives 2015-11-22 09:53:02: link group xinput-zh_HK fully removed
update-alternatives 2015-11-22 09:53:02: run with --remove xinput-zh_SG /etc/X11/xinit/xinput.d/scim-immodule
update-alternatives 2015-11-22 09:53:02: link group xinput-zh_SG fully removed
update-alternatives 2015-11-22 10:19:25: run with --install /etc/X11/xinit/xinput.d/ja_JP xinput-ja_JP /etc/X11/xinit/xinput.d/fcitx 40
update-alternatives 2015-11-22 10:19:25: link group xinput-ja_JP updated to point to /etc/X11/xinit/xinput.d/fcitx
update-alternatives 2015-11-22 10:19:25: run with --install /etc/X11/xinit/xinput.d/ko_KR xinput-ko_KR /etc/X11/xinit/xinput.d/fcitx 40
update-alternatives 2015-11-22 10:19:25: link group xinput-ko_KR updated to point to /etc/X11/xinit/xinput.d/fcitx
update-alternatives 2015-11-22 10:19:25: run with --install /etc/X11/xinit/xinput.d/zh_CN xinput-zh_CN /etc/X11/xinit/xinput.d/fcitx 80
update-alternatives 2015-11-22 10:19:25: link group xinput-zh_CN updated to point to /etc/X11/xinit/xinput.d/fcitx
update-alternatives 2015-11-22 10:19:25: run with --install /etc/X11/xinit/xinput.d/zh_TW xinput-zh_TW /etc/X11/xinit/xinput.d/fcitx 50
update-alternatives 2015-11-22 10:19:25: link group xinput-zh_TW updated to point to /etc/X11/xinit/xinput.d/fcitx
update-alternatives 2015-11-22 10:19:25: run with --install /etc/X11/xinit/xinput.d/zh_HK xinput-zh_HK /etc/X11/xinit/xinput.d/fcitx 50
update-alternatives 2015-11-22 10:19:25: link group xinput-zh_HK updated to point to /etc/X11/xinit/xinput.d/fcitx
update-alternatives 2015-11-22 10:19:25: run with --install /etc/X11/xinit/xinput.d/zh_SG xinput-zh_SG /etc/X11/xinit/xinput.d/fcitx 80
update-alternatives 2015-11-22 10:19:25: link group xinput-zh_SG updated to point to /etc/X11/xinit/xinput.d/fcitx
update-alternatives 2015-11-22 10:42:26: run with --remove xinput-ja_JP /etc/X11/xinit/xinput.d/fcitx
update-alternatives 2015-11-22 10:42:26: link group xinput-ja_JP fully removed
update-alternatives 2015-11-22 10:42:26: run with --remove xinput-ko_KR /etc/X11/xinit/xinput.d/fcitx
update-alternatives 2015-11-22 10:42:26: link group xinput-ko_KR fully removed
update-alternatives 2015-11-22 10:42:26: run with --remove xinput-zh_CN /etc/X11/xinit/xinput.d/fcitx
update-alternatives 2015-11-22 10:42:26: link group xinput-zh_CN fully removed
update-alternatives 2015-11-22 10:42:26: run with --remove xinput-zh_TW /etc/X11/xinit/xinput.d/fcitx
update-alternatives 2015-11-22 10:42:26: link group xinput-zh_TW fully removed
update-alternatives 2015-11-22 10:42:26: run with --remove xinput-zh_HK /etc/X11/xinit/xinput.d/fcitx
update-alternatives 2015-11-22 10:42:26: link group xinput-zh_HK fully removed
update-alternatives 2015-11-22 10:42:26: run with --remove xinput-zh_SG /etc/X11/xinit/xinput.d/fcitx
update-alternatives 2015-11-22 10:42:26: link group xinput-zh_SG fully removed
update-alternatives 2015-11-22 12:32:20: run with --install /usr/bin/x-terminal-emulator x-terminal-emulator /usr/bin/roxterm 50 --slave /usr/share/man/man1/x-terminal-emulator.1.gz x-terminal-emulator.1.gz /usr/share/man/man1/roxterm.1.gz
update-alternatives 2015-11-22 12:32:20: link group x-terminal-emulator updated to point to /usr/bin/roxterm
update-alternatives 2010-01-01 01:35:53: run with --install /usr/share/gconf/defaults/10_libgksu libgksu-gconf-defaults /usr/share/libgksu/debian/gconf-defaults.libgksu-sudo 10
update-alternatives 2010-01-01 01:35:53: link group libgksu-gconf-defaults updated to point to /usr/share/libgksu/debian/gconf-defaults.libgksu-sudo
update-alternatives 2010-01-01 01:35:53: run with --install /usr/share/gconf/defaults/10_libgksu libgksu-gconf-defaults /usr/share/libgksu/debian/gconf-defaults.libgksu-su 20
update-alternatives 2010-01-01 01:35:53: link group libgksu-gconf-defaults updated to point to /usr/share/libgksu/debian/gconf-defaults.libgksu-su
update-alternatives 2015-11-29 03:23:10: run with --quiet --install /usr/bin/pinentry pinentry /usr/bin/pinentry-gtk-2 85 --slave /usr/share/man/man1/pinentry.1.gz pinentry.1.gz /usr/share/man/man1/pinentry-gtk-2.1.gz
update-alternatives 2015-11-29 03:23:10: link group pinentry updated to point to /usr/bin/pinentry-gtk-2
update-alternatives 2015-11-29 03:23:10: run with --quiet --install /usr/bin/pinentry-x11 pinentry-x11 /usr/bin/pinentry-gtk-2 85 --slave /usr/share/man/man1/pinentry-x11.1.gz pinentry-x11.1.gz /usr/share/man/man1/pinentry-gtk-2.1.gz
update-alternatives 2015-11-29 03:23:10: link group pinentry-x11 updated to point to /usr/bin/pinentry-gtk-2
update-alternatives 2015-12-05 02:15:30: run with --install /usr/bin/automake automake /usr/bin/automake-1.14 32 --slave /usr/bin/aclocal aclocal /usr/bin/aclocal-1.14 --slave /usr/share/man/man1/automake.1.gz automake.1.gz /usr/share/man/man1/automake-1.14.1.gz --slave /usr/share/man/man1/aclocal.1.gz aclocal.1.gz /usr/share/man/man1/aclocal-1.14.1.gz
update-alternatives 2015-12-05 02:15:30: link group automake updated to point to /usr/bin/automake-1.14
update-alternatives 2015-12-12 00:43:17: run with --install /usr/bin/cli-gacutil global-assembly-cache-tool /usr/bin/gacutil 10 --slave /usr/share/man/man1/cli-gacutil.1.gz cli-gacutil.1.gz /usr/share/man/man1/gacutil.1.gz
update-alternatives 2015-12-12 00:43:17: link group global-assembly-cache-tool updated to point to /usr/bin/gacutil
update-alternatives 2015-12-12 00:43:19: run with --install /usr/bin/cli cli /usr/bin/mono 10 --slave /usr/share/man/man1/cli.1.gz cli.1.gz /usr/share/man/man1/mono.1.gz
update-alternatives 2015-12-12 00:43:19: link group cli updated to point to /usr/bin/mono
update-alternatives 2015-12-12 01:34:31: run with --quiet --install /usr/bin/cc cc /usr/bin/gcc 20
update-alternatives 2015-12-12 01:34:31: link group cc updated to point to /usr/bin/gcc
update-alternatives 2015-12-12 01:34:31: run with --quiet --install /usr/bin/c89 c89 /usr/bin/c89-gcc 20 --slave /usr/share/man/man1/c89.1.gz c89.1.gz /usr/share/man/man1/c89-gcc.1.gz
update-alternatives 2015-12-12 01:34:31: link group c89 updated to point to /usr/bin/c89-gcc
update-alternatives 2015-12-12 01:34:31: run with --quiet --install /usr/bin/c99 c99 /usr/bin/c99-gcc 20 --slave /usr/share/man/man1/c99.1.gz c99.1.gz /usr/share/man/man1/c99-gcc.1.gz
update-alternatives 2015-12-12 01:34:31: link group c99 updated to point to /usr/bin/c99-gcc
update-alternatives 2015-12-12 01:34:31: run with --install /usr/bin/c++ c++ /usr/bin/g++ 20
update-alternatives 2015-12-12 01:34:31: link group c++ updated to point to /usr/bin/g++
